{"/Users/drdegroo/workspace/Mastering-React-Test-Driven-Development/appointments/src/Appointment.tsx": {"path":"/Users/drdegroo/workspace/Mastering-React-Test-Driven-Development/appointments/src/Appointment.tsx","statementMap":{"0":{"start":{"line":1,"column":0},"end":{"line":1,"column":25}},"1":{"start":{"line":15,"column":55},"end":{"line":17,"column":1}},"2":{"start":{"line":16,"column":4},"end":{"line":16,"column":null}},"3":{"start":{"line":15,"column":13},"end":{"line":15,"column":55}},"4":{"start":{"line":19,"column":50},"end":{"line":21,"column":1}},"5":{"start":{"line":19,"column":70},"end":{"line":19,"column":72}},"6":{"start":{"line":20,"column":4},"end":{"line":20,"column":null}},"7":{"start":{"line":19,"column":13},"end":{"line":19,"column":50}},"8":{"start":{"line":23,"column":0},"end":{"line":23,"column":null}}},"fnMap":{"0":{"name":"(anonymous_1)","decl":{"start":{"line":15,"column":55},"end":{"line":15,"column":56}},"loc":{"start":{"line":15,"column":79},"end":{"line":17,"column":1}}},"1":{"name":"(anonymous_2)","decl":{"start":{"line":19,"column":50},"end":{"line":19,"column":51}},"loc":{"start":{"line":19,"column":72},"end":{"line":21,"column":1}}}},"branchMap":{},"s":{"0":1,"1":1,"2":0,"3":1,"4":1,"5":1,"6":1,"7":1,"8":1},"f":{"0":0,"1":1},"b":{}}
}
